<?xml version="1.0" encoding="UTF-8"?>
<!-- Generated by org.testng.reporters.JUnitXMLReporter -->
<testsuite hostname="DESKTOP-0103EQT" ignored="0" name="Test" tests="10" failures="2" timestamp="2020-10-16T14:48:49 IST" time="724.156" errors="0">
  <testcase name="WindowsSapTest" time="63.553" classname="PharmaAddon.AddonLogin"/>
  <testcase name="WindowsSapTest" time="41.981" classname="PharmaAddon.ItemCreation"/>
  <testcase name="WindowsSapTest" time="51.995" classname="PharmaAddon.VendorCreation"/>
  <testcase name="WindowsSapTest" time="50.587" classname="PharmaAddon.PurchaseOrder"/>
  <testcase name="WindowsSapTest" time="110.414" classname="PharmaAddon.GoodsReceipt"/>
  <testcase name="WindowsSapTest" time="27.052" classname="PharmaAddon.APInvoice"/>
  <testcase name="WindowsSapTest" time="175.879" classname="PharmaAddon.Sampling"/>
  <testcase name="WindowsSapTest" time="115.885" classname="PharmaAddon.QuarantineUnsertestTransfer"/>
  <testcase name="WindowsSapTest" time="85.501" classname="PharmaAddon.QualityMaster">
    <failure type="org.sikuli.script.FindFailed" message="CloseTestSetup.png: (31x30) in R[0,0 1366x768]@S(0)">
      <![CDATA[FindFailed: CloseTestSetup.png: (31x30) in R[0,0 1366x768]@S(0)
  Line 2284, in file Region.java

at org.sikuli.script.Region.wait(Region.java:2284)
at org.sikuli.script.Region.wait(Region.java:2302)
at org.sikuli.script.Region.getLocationFromTarget(Region.java:3329)
at org.sikuli.script.Region.click(Region.java:3982)
at org.sikuli.script.Region.click(Region.java:3958)
at PharmaAddon.QualityMaster.WindowsSapTest(QualityMaster.java:209)
at java.util.ArrayList.forEach(ArrayList.java:1257)
... Removed 27 stack frames]]>
    </failure>
  </testcase> <!-- WindowsSapTest -->
  <testcase name="WindowsSapTest" time="0.001" classname="PharmaAddon.QualityCheck">
    <failure type="java.lang.Error" message="Unresolved compilation problem: 
	Syntax error on tokens, delete these tokens
">
      <![CDATA[java.lang.Error: Unresolved compilation problem: 
Syntax error on tokens, delete these tokens

at PharmaAddon.QualityCheck.WindowsSapTest(QualityCheck.java:544)
at java.util.ArrayList.forEach(ArrayList.java:1257)
... Removed 27 stack frames]]>
    </failure>
  </testcase> <!-- WindowsSapTest -->
</testsuite> <!-- Test -->
